<?xml version="1.0" encoding="UTF-8"?>
<testng-results ignored="0" total="1" passed="1" failed="0" skipped="0">
  <reporter-output>
  </reporter-output>
  <suite started-at="2023-06-03T20:00:09 IST" name="Default suite" finished-at="2023-06-03T20:00:21 IST" duration-ms="12255">
    <groups>
    </groups>
    <test started-at="2023-06-03T20:00:09 IST" name="Default test" finished-at="2023-06-03T20:00:21 IST" duration-ms="12255">
      <class name="Package1.Class1">
        <test-method is-config="true" signature="setup()[pri:0, instance:Package1.Class1@9597028]" started-at="2023-06-03T20:00:09 IST" name="setup" finished-at="2023-06-03T20:00:17 IST" duration-ms="7976" status="PASS">
          <reporter-output>
          </reporter-output>
        </test-method> <!-- setup -->
        <test-method signature="login()[pri:0, instance:Package1.Class1@9597028]" started-at="2023-06-03T20:00:17 IST" name="login" finished-at="2023-06-03T20:00:21 IST" duration-ms="4222" status="PASS">
          <reporter-output>
          </reporter-output>
        </test-method> <!-- login -->
      </class> <!-- Package1.Class1 -->
    </test> <!-- Default test -->
  </suite> <!-- Default suite -->
</testng-results>
